<?xml version="1.0" encoding="UTF-8"?>
<!-- Generated by org.testng.reporters.JUnitReportReporter -->
<testsuite hostname="LAPTOP-DCSLAHO4" failures="0" tests="1" name="portfolioAnalystTestClasses.PractiseTests" time="6.202" errors="0" timestamp="2023-08-21T16:12:36 IST" skipped="0">
  <testcase classname="portfolioAnalystTestClasses.PractiseTests" name="f1" time="6.202"/>
  <system-out>
    <![CDATA[F1]]>
  </system-out>
</testsuite> <!-- portfolioAnalystTestClasses.PractiseTests -->
