<?xml version="1.0" encoding="UTF-8"?>
<!-- Generated by org.testng.reporters.JUnitReportReporter -->
<testsuite hostname="LAPTOP-DCSLAHO4" failures="0" tests="1" name="TestClasses.PractiseTests$HomePage" time="11.948" errors="0" timestamp="2023-08-22T13:45:16 IST" skipped="0">
  <testcase classname="TestClasses.PractiseTests$HomePage" name="f1" time="11.948"/>
  <system-out>
    <![CDATA[F1]]>
  </system-out>
</testsuite> <!-- TestClasses.PractiseTests$HomePage -->
