<?xml version="1.0" encoding="UTF-8"?>
<!-- Generated by org.testng.reporters.JUnitReportReporter -->
<testsuite hostname="LAPTOP-DCSLAHO4" failures="0" tests="9" name="TestClasses.HomePage" time="87.088" errors="0" timestamp="2023-08-22T14:33:52 IST" skipped="0">
  <testcase classname="TestClasses.HomePage" name="host" time="11.693"/>
  <system-out/>
  <testcase classname="TestClasses.HomePage" name="mentership" time="9.336"/>
  <system-out/>
  <testcase classname="TestClasses.HomePage" name="jobs" time="9.386"/>
  <system-out/>
  <testcase classname="TestClasses.HomePage" name="login" time="9.496"/>
  <system-out/>
  <testcase classname="TestClasses.HomePage" name="logo" time="9.293"/>
  <system-out/>
  <testcase classname="TestClasses.HomePage" name="practice" time="9.454"/>
  <system-out/>
  <testcase classname="TestClasses.HomePage" name="compete" time="9.431"/>
  <system-out/>
  <testcase classname="TestClasses.HomePage" name="learn" time="9.490"/>
  <system-out/>
  <testcase classname="TestClasses.HomePage" name="seach" time="9.509"/>
  <system-out/>
</testsuite> <!-- TestClasses.HomePage -->
