<?xml version="1.0" encoding="UTF-8"?>
<!-- Generated by org.testng.reporters.JUnitReportReporter -->
<testsuite hostname="LAPTOP-DCSLAHO4" failures="0" tests="4" name="portfolioAnalystTestClasses.simpleRun" time="19.750" errors="0" timestamp="2023-07-24T16:44:43 IST" skipped="0">
  <testcase classname="portfolioAnalystTestClasses.simpleRun" name="f3" time="7.410"/>
  <system-out>
    <![CDATA[f3]]>
  </system-out>
  <testcase classname="portfolioAnalystTestClasses.simpleRun" name="f4" time="3.839"/>
  <system-out>
    <![CDATA[f4]]>
  </system-out>
  <testcase classname="portfolioAnalystTestClasses.simpleRun" name="f2" time="4.333"/>
  <system-out>
    <![CDATA[f2]]>
  </system-out>
  <testcase classname="portfolioAnalystTestClasses.simpleRun" name="f1" time="4.168"/>
  <system-out>
    <![CDATA[f1]]>
  </system-out>
</testsuite> <!-- portfolioAnalystTestClasses.simpleRun -->
