<?xml version="1.0" encoding="UTF-8"?>
<!-- Generated by org.testng.reporters.JUnitReportReporter -->
<testsuite hostname="LAPTOP-DCSLAHO4" failures="0" tests="1" name="portfolioAnalystTestClasses.Test1" time="29.771" errors="0" timestamp="2023-04-10T01:00:30 IST" skipped="0">
  <testcase classname="portfolioAnalystTestClasses.Test1" name="ValidateEmailConfirmation" time="29.771"/>
  <system-out>
    <![CDATA[Wait for time is:5000ms
TCValidateEmailConfirmation pass]]>
  </system-out>
</testsuite> <!-- portfolioAnalystTestClasses.Test1 -->
